stock_dimension: 34, state_space: 647
{'batch_size': 256, 'buffer_size': 1000000, 'learning_rate': 0.0001, 'learning_starts': 100, 'ent_coef': 'auto_0.1'}
Using cuda device
Logging to tensorboard_log/sac_1
-----------------------------------
| time/              |            |
|    episodes        | 4          |
|    fps             | 53         |
|    time_elapsed    | 200        |
|    total_timesteps | 10700      |
| train/             |            |
|    actor_loss      | 9.24e+05   |
|    critic_loss     | 1.11e+09   |
|    ent_coef        | 0.271      |
|    ent_coef_loss   | 454        |
|    learning_rate   | 0.0001     |
|    n_updates       | 10599      |
|    reward          | -2.4187973 |
-----------------------------------
-----------------------------------
| time/              |            |
|    episodes        | 8          |
|    fps             | 53         |
|    time_elapsed    | 399        |
|    total_timesteps | 21400      |
| train/             |            |
|    actor_loss      | 7.12e+05   |
|    critic_loss     | 1.43e+09   |
|    ent_coef        | 0.789      |
|    ent_coef_loss   | 82.4       |
|    learning_rate   | 0.0001     |
|    n_updates       | 21299      |
|    reward          | -2.4187973 |
-----------------------------------
day: 2674, episode: 10
begin_total_asset: 10000000.00
end_total_asset: 33446651.17
total_reward: 23446651.17
total_cost: 21348.39
total_trades: 41504
Sharpe: 0.574
=================================
-----------------------------------
| time/              |            |
|    episodes        | 12         |
|    fps             | 53         |
|    time_elapsed    | 594        |
|    total_timesteps | 32100      |
| train/             |            |
|    actor_loss      | 4.98e+05   |
|    critic_loss     | 8.2e+07    |
|    ent_coef        | 2.3        |
|    ent_coef_loss   | -288       |
|    learning_rate   | 0.0001     |
|    n_updates       | 31999      |
|    reward          | -2.4187973 |
-----------------------------------
-----------------------------------
| time/              |            |
|    episodes        | 16         |
|    fps             | 54         |
|    time_elapsed    | 788        |
|    total_timesteps | 42800      |
| train/             |            |
|    actor_loss      | 3.8e+05    |
|    critic_loss     | 6.08e+07   |
|    ent_coef        | 6.71       |
|    ent_coef_loss   | -661       |
|    learning_rate   | 0.0001     |
|    n_updates       | 42699      |
|    reward          | -2.4187973 |
-----------------------------------
day: 2674, episode: 20
begin_total_asset: 10000000.00
end_total_asset: 33446651.17
total_reward: 23446651.17
total_cost: 21348.39
total_trades: 41504
Sharpe: 0.574
=================================
-----------------------------------
| time/              |            |
|    episodes        | 20         |
|    fps             | 54         |
|    time_elapsed    | 987        |
|    total_timesteps | 53500      |
| train/             |            |
|    actor_loss      | 4.44e+05   |
|    critic_loss     | 7.85e+06   |
|    ent_coef        | 19.5       |
|    ent_coef_loss   | -1.03e+03  |
|    learning_rate   | 0.0001     |
|    n_updates       | 53399      |
|    reward          | -2.4187973 |
-----------------------------------
-----------------------------------
| time/              |            |
|    episodes        | 24         |
|    fps             | 54         |
|    time_elapsed    | 1185       |
|    total_timesteps | 64200      |
| train/             |            |
|    actor_loss      | 8.63e+05   |
|    critic_loss     | 2.87e+07   |
|    ent_coef        | 57         |
|    ent_coef_loss   | -1.4e+03   |
|    learning_rate   | 0.0001     |
|    n_updates       | 64099      |
|    reward          | -2.4187973 |
-----------------------------------
-----------------------------------
| time/              |            |
|    episodes        | 28         |
|    fps             | 54         |
|    time_elapsed    | 1381       |
|    total_timesteps | 74900      |
| train/             |            |
|    actor_loss      | 2.27e+06   |
|    critic_loss     | 3.51e+08   |
|    ent_coef        | 166        |
|    ent_coef_loss   | -1.78e+03  |
|    learning_rate   | 0.0001     |
|    n_updates       | 74799      |
|    reward          | -2.4187973 |
-----------------------------------
day: 2674, episode: 30
begin_total_asset: 10000000.00
end_total_asset: 33446651.17
total_reward: 23446651.17
total_cost: 21348.39
total_trades: 41504
Sharpe: 0.574
=================================
-----------------------------------
| time/              |            |
|    episodes        | 32         |
|    fps             | 54         |
|    time_elapsed    | 1573       |
|    total_timesteps | 85600      |
| train/             |            |
|    actor_loss      | 6.39e+06   |
|    critic_loss     | 3e+08      |
|    ent_coef        | 486        |
|    ent_coef_loss   | -2.15e+03  |
|    learning_rate   | 0.0001     |
|    n_updates       | 85499      |
|    reward          | -2.4187973 |
-----------------------------------
-----------------------------------
| time/              |            |
|    episodes        | 36         |
|    fps             | 54         |
|    time_elapsed    | 1764       |
|    total_timesteps | 96300      |
| train/             |            |
|    actor_loss      | 1.84e+07   |
|    critic_loss     | 4.14e+09   |
|    ent_coef        | 1.42e+03   |
|    ent_coef_loss   | -2.52e+03  |
|    learning_rate   | 0.0001     |
|    n_updates       | 96199      |
|    reward          | -2.4187973 |
-----------------------------------
day: 2674, episode: 40
begin_total_asset: 10000000.00
end_total_asset: 33446651.17
total_reward: 23446651.17
total_cost: 21348.39
total_trades: 41504
Sharpe: 0.574
=================================
-----------------------------------
| time/              |            |
|    episodes        | 40         |
|    fps             | 54         |
|    time_elapsed    | 1955       |
|    total_timesteps | 107000     |
| train/             |            |
|    actor_loss      | 5.41e+07   |
|    critic_loss     | 3.71e+10   |
|    ent_coef        | 4.14e+03   |
|    ent_coef_loss   | -2.89e+03  |
|    learning_rate   | 0.0001     |
|    n_updates       | 106899     |
|    reward          | -2.4187973 |
-----------------------------------
-----------------------------------
| time/              |            |
|    episodes        | 44         |
|    fps             | 54         |
|    time_elapsed    | 2145       |
|    total_timesteps | 117700     |
| train/             |            |
|    actor_loss      | 1.59e+08   |
|    critic_loss     | 2.98e+11   |
|    ent_coef        | 1.21e+04   |
|    ent_coef_loss   | -3.26e+03  |
|    learning_rate   | 0.0001     |
|    n_updates       | 117599     |
|    reward          | -2.4187973 |
-----------------------------------
-----------------------------------
| time/              |            |
|    episodes        | 48         |
|    fps             | 54         |
|    time_elapsed    | 2337       |
|    total_timesteps | 128400     |
| train/             |            |
|    actor_loss      | 4.65e+08   |
|    critic_loss     | 2.59e+12   |
|    ent_coef        | 3.53e+04   |
|    ent_coef_loss   | -3.63e+03  |
|    learning_rate   | 0.0001     |
|    n_updates       | 128299     |
|    reward          | -2.4187973 |
-----------------------------------
day: 2674, episode: 50
begin_total_asset: 10000000.00
end_total_asset: 33446651.17
total_reward: 23446651.17
total_cost: 21348.39
total_trades: 41504
Sharpe: 0.574
=================================
-----------------------------------
| time/              |            |
|    episodes        | 52         |
|    fps             | 54         |
|    time_elapsed    | 2530       |
|    total_timesteps | 139100     |
| train/             |            |
|    actor_loss      | 1.36e+09   |
|    critic_loss     | 2.16e+13   |
|    ent_coef        | 1.03e+05   |
|    ent_coef_loss   | -4.01e+03  |
|    learning_rate   | 0.0001     |
|    n_updates       | 138999     |
|    reward          | -2.4187973 |
-----------------------------------
-----------------------------------
| time/              |            |
|    episodes        | 56         |
|    fps             | 55         |
|    time_elapsed    | 2721       |
|    total_timesteps | 149800     |
| train/             |            |
|    actor_loss      | 4.01e+09   |
|    critic_loss     | 3.57e+14   |
|    ent_coef        | 3.01e+05   |
|    ent_coef_loss   | -4.37e+03  |
|    learning_rate   | 0.0001     |
|    n_updates       | 149699     |
|    reward          | -2.4187973 |
-----------------------------------
day: 2674, episode: 60
begin_total_asset: 10000000.00
end_total_asset: 33446651.17
total_reward: 23446651.17
total_cost: 21348.39
total_trades: 41504
Sharpe: 0.574
=================================
-----------------------------------
| time/              |            |
|    episodes        | 60         |
|    fps             | 55         |
|    time_elapsed    | 2911       |
|    total_timesteps | 160500     |
| train/             |            |
|    actor_loss      | 1.18e+10   |
|    critic_loss     | 7.63e+15   |
|    ent_coef        | 8.78e+05   |
|    ent_coef_loss   | -4.74e+03  |
|    learning_rate   | 0.0001     |
|    n_updates       | 160399     |
|    reward          | -2.4187973 |
-----------------------------------
-----------------------------------
| time/              |            |
|    episodes        | 64         |
|    fps             | 55         |
|    time_elapsed    | 3101       |
|    total_timesteps | 171200     |
| train/             |            |
|    actor_loss      | 3.51e+10   |
|    critic_loss     | 1.32e+17   |
|    ent_coef        | 2.56e+06   |
|    ent_coef_loss   | -5.11e+03  |
|    learning_rate   | 0.0001     |
|    n_updates       | 171099     |
|    reward          | -2.4187973 |
-----------------------------------
-----------------------------------
| time/              |            |
|    episodes        | 68         |
|    fps             | 55         |
|    time_elapsed    | 3292       |
|    total_timesteps | 181900     |
| train/             |            |
|    actor_loss      | 1.04e+11   |
|    critic_loss     | 2.27e+18   |
|    ent_coef        | 7.48e+06   |
|    ent_coef_loss   | -5.5e+03   |
|    learning_rate   | 0.0001     |
|    n_updates       | 181799     |
|    reward          | -2.4187973 |
-----------------------------------
day: 2674, episode: 70
begin_total_asset: 10000000.00
end_total_asset: 33446651.17
total_reward: 23446651.17
total_cost: 21348.39
total_trades: 41504
Sharpe: 0.574
=================================
-----------------------------------
| time/              |            |
|    episodes        | 72         |
|    fps             | 55         |
|    time_elapsed    | 3483       |
|    total_timesteps | 192600     |
| train/             |            |
|    actor_loss      | 3.01e+11   |
|    critic_loss     | 5.65e+19   |
|    ent_coef        | 2.17e+07   |
|    ent_coef_loss   | -5.83e+03  |
|    learning_rate   | 0.0001     |
|    n_updates       | 192499     |
|    reward          | -2.4187973 |
-----------------------------------
/home/henry/miniconda3/envs/finrl/lib/python3.7/site-packages/pyfolio/pos.py:27: UserWarning: Module "zipline.assets" not found; multipliers will not be applied to position notionals.
  'Module "zipline.assets" not found; multipliers will not be applied'
hit end!
login success!
logout success!
Traceback (most recent call last):
  File "/home/henry/miniconda3/envs/finrl/lib/python3.7/site-packages/pandas/core/ops/array_ops.py", line 166, in _na_arithmetic_op
    result = func(left, right)
  File "/home/henry/miniconda3/envs/finrl/lib/python3.7/site-packages/pandas/core/computation/expressions.py", line 239, in evaluate
    return _evaluate(op, op_str, a, b)  # type: ignore[misc]
  File "/home/henry/miniconda3/envs/finrl/lib/python3.7/site-packages/pandas/core/computation/expressions.py", line 69, in _evaluate_standard
    return op(a, b)
TypeError: unsupported operand type(s) for /: 'str' and 'float'

During handling of the above exception, another exception occurred:

Traceback (most recent call last):
  File "fundamental+indicator_sz50.py", line 132, in <module>
    base_ret = get_daily_return(baseline_df, "close")
  File "/home/henry/miniconda3/envs/finrl/lib/python3.7/site-packages/finrl/plot.py", line 16, in get_daily_return
    df["daily_return"] = df[value_col_name].pct_change(1)
  File "/home/henry/miniconda3/envs/finrl/lib/python3.7/site-packages/pandas/core/generic.py", line 10165, in pct_change
    rs = data / shifted - 1  # type: ignore[operator]
  File "/home/henry/miniconda3/envs/finrl/lib/python3.7/site-packages/pandas/core/ops/common.py", line 69, in new_method
    return method(self, other)
  File "/home/henry/miniconda3/envs/finrl/lib/python3.7/site-packages/pandas/core/arraylike.py", line 116, in __truediv__
    return self._arith_method(other, operator.truediv)
  File "/home/henry/miniconda3/envs/finrl/lib/python3.7/site-packages/pandas/core/series.py", line 5526, in _arith_method
    result = ops.arithmetic_op(lvalues, rvalues, op)
  File "/home/henry/miniconda3/envs/finrl/lib/python3.7/site-packages/pandas/core/ops/array_ops.py", line 224, in arithmetic_op
    res_values = _na_arithmetic_op(left, right, op)
  File "/home/henry/miniconda3/envs/finrl/lib/python3.7/site-packages/pandas/core/ops/array_ops.py", line 173, in _na_arithmetic_op
    result = _masked_arith_op(left, right, op)
  File "/home/henry/miniconda3/envs/finrl/lib/python3.7/site-packages/pandas/core/ops/array_ops.py", line 112, in _masked_arith_op
    result[mask] = op(xrav[mask], yrav[mask])
TypeError: unsupported operand type(s) for /: 'str' and 'str'
